<?xml version="1.0" encoding="UTF-8"?>
<testng-results skipped="0" failed="0" ignored="0" total="1" passed="1">
  <reporter-output>
  </reporter-output>
  <suite name="tests.Test1" duration-ms="103" started-at="2021-07-04T10:25:59 IST" finished-at="2021-07-04T10:25:59 IST">
    <groups>
    </groups>
    <test name="Command line test" duration-ms="103" started-at="2021-07-04T10:25:59 IST" finished-at="2021-07-04T10:25:59 IST">
      <class name="tests.Test1">
        <test-method status="PASS" signature="m1()[pri:0, instance:tests.Test1@1e88b3c]" name="m1" duration-ms="8" started-at="2021-07-04T10:25:59 IST" finished-at="2021-07-04T10:25:59 IST">
          <reporter-output>
          </reporter-output>
        </test-method> <!-- m1 -->
      </class> <!-- tests.Test1 -->
    </test> <!-- Command line test -->
  </suite> <!-- tests.Test1 -->
</testng-results>
